d:\Program Files (x86)\Microsoft Visual Studio\2019\Community\MSBuild\Microsoft\VC\v150\Platforms\x64\PlatformToolsets\v141_xp\Toolset.targets(39,5): warning MSB8051: 面向 Windows XP 的支持已被弃用，将来的 Visual Studio 版本不再提供该支持。请访问 https://go.microsoft.com/fwlink/?linkid=2023588，获取详细信息。
  fileOper.cpp
E:\virtualbox\vmshare\liunux\liunuxos_c\LiunuxSetup\fileOper.cpp(7): warning C4996: 'fopen': This function or variable may be unsafe. Consider using fopen_s instead. To disable deprecation, use _CRT_SECURE_NO_WARNINGS. See online help for details.
E:\virtualbox\vmshare\liunux\liunuxos_c\LiunuxSetup\fileOper.cpp(20): warning C4996: 'fopen': This function or variable may be unsafe. Consider using fopen_s instead. To disable deprecation, use _CRT_SECURE_NO_WARNINGS. See online help for details.
E:\virtualbox\vmshare\liunux\liunuxos_c\LiunuxSetup\fileOper.cpp(41): warning C4996: 'localtime': This function or variable may be unsafe. Consider using localtime_s instead. To disable deprecation, use _CRT_SECURE_NO_WARNINGS. See online help for details.
E:\virtualbox\vmshare\liunux\liunuxos_c\LiunuxSetup\fileOper.cpp(68): warning C4267: “=”: 从“size_t”转换到“int”，可能丢失数据
E:\virtualbox\vmshare\liunux\liunuxos_c\LiunuxSetup\fileOper.cpp(51): warning C4996: 'fopen': This function or variable may be unsafe. Consider using fopen_s instead. To disable deprecation, use _CRT_SECURE_NO_WARNINGS. See online help for details.
E:\virtualbox\vmshare\liunux\liunuxos_c\LiunuxSetup\fileOper.cpp(102): warning C4267: “=”: 从“size_t”转换到“int”，可能丢失数据
E:\virtualbox\vmshare\liunux\liunuxos_c\LiunuxSetup\fileOper.cpp(90): warning C4996: 'fopen': This function or variable may be unsafe. Consider using fopen_s instead. To disable deprecation, use _CRT_SECURE_NO_WARNINGS. See online help for details.
E:\virtualbox\vmshare\liunux\liunuxos_c\LiunuxSetup\fileOper.cpp(93): warning C4996: 'fopen': This function or variable may be unsafe. Consider using fopen_s instead. To disable deprecation, use _CRT_SECURE_NO_WARNINGS. See online help for details.
  main.cpp
  osWriter.cpp
E:\virtualbox\vmshare\liunux\liunuxos_c\LiunuxSetup\osWriter.cpp(56): warning C4244: “=”: 从“unsigned __int64”转换到“unsigned int”，可能丢失数据
E:\virtualbox\vmshare\liunux\liunuxos_c\LiunuxSetup\osWriter.cpp(117): warning C4018: “>=”: 有符号/无符号不匹配
  sectorRW.cpp
  正在生成代码
  Previous IPDB not found, fall back to full compilation.
  All 81 functions were compiled because no usable IPDB/IOBJ from previous compilation was found.
  已完成代码的生成
  LiunuxSetup.vcxproj -> E:\virtualbox\vmshare\liunux\liunuxos_c\x64\Release\LiunuxSetup.exe
