d:\Program Files (x86)\Microsoft Visual Studio\2019\Community\MSBuild\Microsoft\VC\v150\Platforms\Win32\PlatformToolsets\v141_xp\Toolset.targets(39,5): warning MSB8051: 面向 Windows XP 的支持已被弃用，将来的 Visual Studio 版本不再提供该支持。请访问 https://go.microsoft.com/fwlink/?linkid=2023588，获取详细信息。
  ntfs.cpp
E:\virtualbox\vmshare\liunux\liunuxos_c\kernel\NTFS\ntfs.cpp(165): warning C4146: 一元负运算符应用于无符号类型，结果仍为无符号类型
  ntfsFile.cpp
E:\virtualbox\vmshare\liunux\liunuxos_c\kernel\NTFS\ntfsFile.cpp(290): warning C4018: “>=”: 有符号/无符号不匹配
E:\virtualbox\vmshare\liunux\liunuxos_c\kernel\NTFS\ntfsFile.cpp(434): warning C4018: “>=”: 有符号/无符号不匹配
  atapi.cpp
  cmosAlarm.cpp
E:\virtualbox\vmshare\liunux\liunuxos_c\kernel\cmosAlarm.cpp(135): warning C4018: “>=”: 有符号/无符号不匹配
  cmosExactTimer.cpp
  cmosPeriodTimer.cpp
  coprocessor.cpp
  core.cpp
E:\virtualbox\vmshare\liunux\liunuxos_c\kernel\core.cpp(127): warning C4244: “=”: 从“unsigned long”转换到“unsigned short”，可能丢失数据
E:\virtualbox\vmshare\liunux\liunuxos_c\kernel\core.cpp(141): warning C4244: “=”: 从“unsigned long”转换到“unsigned short”，可能丢失数据
E:\virtualbox\vmshare\liunux\liunuxos_c\kernel\core.cpp(152): warning C4244: “=”: 从“unsigned long”转换到“unsigned short”，可能丢失数据
E:\virtualbox\vmshare\liunux\liunuxos_c\kernel\core.cpp(164): warning C4244: “=”: 从“unsigned long”转换到“unsigned short”，可能丢失数据
  debugger.cpp
  descriptor.cpp
  device.cpp
  elf.cpp
  exception.cpp
  ext.cpp
  FAT32.cpp
E:\virtualbox\vmshare\liunux\liunuxos_c\kernel\fat32\FAT32.cpp(30): warning C4101: “szshow”: 未引用的局部变量
E:\virtualbox\vmshare\liunux\liunuxos_c\kernel\fat32\FAT32.cpp(252): warning C4018: “<”: 有符号/无符号不匹配
E:\virtualbox\vmshare\liunux\liunuxos_c\kernel\fat32\FAT32.cpp(276): warning C4018: “>=”: 有符号/无符号不匹配
E:\virtualbox\vmshare\liunux\liunuxos_c\kernel\fat32\FAT32.cpp(308): warning C4018: “>=”: 有符号/无符号不匹配
  FAT32Utils.cpp
  Fat32File.cpp
  FileUtils.cpp
  file.cpp
  floppy.cpp
  正在生成代码...
  正在编译...
  gdi.cpp
E:\virtualbox\vmshare\liunux\liunuxos_c\kernel\gdi.cpp(49): warning C4244: “初始化”: 从“double”转换到“float”，可能丢失数据
E:\virtualbox\vmshare\liunux\liunuxos_c\kernel\gdi.cpp(97): warning C4244: “初始化”: 从“double”转换到“float”，可能丢失数据
E:\virtualbox\vmshare\liunux\liunuxos_c\kernel\gdi.cpp(104): warning C4244: “参数”: 从“double”转换到“int”，可能丢失数据
  hpet.cpp
E:\virtualbox\vmshare\liunux\liunuxos_c\kernel\hpet.cpp(364): warning C4244: “参数”: 从“const unsigned __int64”转换到“unsigned short”，可能丢失数据
  ios9660.cpp
  kernel.cpp
  keyboard.cpp
  listEntry.cpp
  malloc.cpp
  memory.cpp
E:\virtualbox\vmshare\liunux\liunuxos_c\kernel\memory.cpp(65): warning C4018: “<”: 有符号/无符号不匹配
E:\virtualbox\vmshare\liunux\liunuxos_c\kernel\memory.cpp(95): warning C4018: “>=”: 有符号/无符号不匹配
E:\virtualbox\vmshare\liunux\liunuxos_c\kernel\memory.cpp(27): warning C4101: “szout”: 未引用的局部变量
E:\virtualbox\vmshare\liunux\liunuxos_c\kernel\memory.cpp(164): warning C4018: “<”: 有符号/无符号不匹配
E:\virtualbox\vmshare\liunux\liunuxos_c\kernel\memory.cpp(197): warning C4018: “<”: 有符号/无符号不匹配
E:\virtualbox\vmshare\liunux\liunuxos_c\kernel\memory.cpp(174): warning C4101: “szout”: 未引用的局部变量
  mouse.cpp
E:\virtualbox\vmshare\liunux\liunuxos_c\kernel\mouse.cpp(208): warning C4018: “<”: 有符号/无符号不匹配
E:\virtualbox\vmshare\liunux\liunuxos_c\kernel\mouse.cpp(210): warning C4018: “<”: 有符号/无符号不匹配
E:\virtualbox\vmshare\liunux\liunuxos_c\kernel\mouse.cpp(245): warning C4018: “<”: 有符号/无符号不匹配
E:\virtualbox\vmshare\liunux\liunuxos_c\kernel\mouse.cpp(247): warning C4018: “<”: 有符号/无符号不匹配
E:\virtualbox\vmshare\liunux\liunuxos_c\kernel\mouse.cpp(272): warning C4018: “<”: 有符号/无符号不匹配
E:\virtualbox\vmshare\liunux\liunuxos_c\kernel\mouse.cpp(274): warning C4018: “<”: 有符号/无符号不匹配
  page.cpp
E:\virtualbox\vmshare\liunux\liunuxos_c\kernel\page.cpp(99): warning C4018: “<=”: 有符号/无符号不匹配
  pci.cpp
  pe.cpp
  peResource.cpp
  peVirtual.cpp
  process.cpp
  processDOS.cpp
  rs232.cpp
  satadriver.cpp
E:\virtualbox\vmshare\liunux\liunuxos_c\kernel\satadriver.cpp(144): warning C4244: “=”: 从“unsigned long”转换到“unsigned short”，可能丢失数据
E:\virtualbox\vmshare\liunux\liunuxos_c\kernel\satadriver.cpp(151): warning C4244: “=”: 从“unsigned long”转换到“unsigned short”，可能丢失数据
E:\virtualbox\vmshare\liunux\liunuxos_c\kernel\satadriver.cpp(159): warning C4244: “参数”: 从“unsigned long”转换到“unsigned short”，可能丢失数据
E:\virtualbox\vmshare\liunux\liunuxos_c\kernel\satadriver.cpp(162): warning C4244: “=”: 从“unsigned long”转换到“unsigned short”，可能丢失数据
E:\virtualbox\vmshare\liunux\liunuxos_c\kernel\satadriver.cpp(166): warning C4244: “参数”: 从“unsigned long”转换到“unsigned short”，可能丢失数据
E:\virtualbox\vmshare\liunux\liunuxos_c\kernel\satadriver.cpp(169): warning C4244: “=”: 从“unsigned long”转换到“unsigned short”，可能丢失数据
E:\virtualbox\vmshare\liunux\liunuxos_c\kernel\satadriver.cpp(360): warning C4244: “参数”: 从“unsigned long”转换到“unsigned char”，可能丢失数据
E:\virtualbox\vmshare\liunux\liunuxos_c\kernel\satadriver.cpp(380): warning C4244: “参数”: 从“unsigned long”转换到“unsigned char”，可能丢失数据
E:\virtualbox\vmshare\liunux\liunuxos_c\kernel\satadriver.cpp(477): warning C4244: “参数”: 从“unsigned long”转换到“unsigned char”，可能丢失数据
E:\virtualbox\vmshare\liunux\liunuxos_c\kernel\satadriver.cpp(513): warning C4244: “参数”: 从“unsigned long”转换到“unsigned char”，可能丢失数据
E:\virtualbox\vmshare\liunux\liunuxos_c\kernel\satadriver.cpp(556): warning C4244: “参数”: 从“unsigned long”转换到“unsigned char”，可能丢失数据
E:\virtualbox\vmshare\liunux\liunuxos_c\kernel\satadriver.cpp(600): warning C4244: “参数”: 从“unsigned long”转换到“unsigned char”，可能丢失数据
E:\virtualbox\vmshare\liunux\liunuxos_c\kernel\satadriver.cpp(650): warning C4244: “参数”: 从“unsigned long”转换到“unsigned char”，可能丢失数据
  screenProtect.cpp
  servicesProc.cpp
E:\virtualbox\vmshare\liunux\liunuxos_c\kernel\servicesProc.cpp(35): warning C4537: “stack”:“.”应用于非 UDT 类型
  E:\virtualbox\vmshare\liunux\liunuxos_c\kernel\servicesProc.cpp(7): note: 参见“stack”的声明
E:\virtualbox\vmshare\liunux\liunuxos_c\kernel\servicesProc.cpp(150): warning C4018: “<”: 有符号/无符号不匹配
  正在生成代码...
  正在编译...
  sbPlay.cpp
E:\virtualbox\vmshare\liunux\liunuxos_c\kernel\soundBlaster\sbPlay.cpp(328): warning C4244: “参数”: 从“unsigned long”转换到“unsigned short”，可能丢失数据
E:\virtualbox\vmshare\liunux\liunuxos_c\kernel\soundBlaster\sbPlay.cpp(331): warning C4244: “参数”: 从“unsigned long”转换到“unsigned short”，可能丢失数据
E:\virtualbox\vmshare\liunux\liunuxos_c\kernel\soundBlaster\sbPlay.cpp(352): warning C4244: “参数”: 从“unsigned long”转换到“unsigned short”，可能丢失数据
E:\virtualbox\vmshare\liunux\liunuxos_c\kernel\soundBlaster\sbPlay.cpp(356): warning C4244: “参数”: 从“unsigned long”转换到“unsigned short”，可能丢失数据
  speaker.cpp
  task.cpp
  thread.cpp
E:\virtualbox\vmshare\liunux\liunuxos_c\kernel\thread.cpp(38): warning C4101: “szout”: 未引用的局部变量
  timer8254.cpp
  utils.cpp
  v86.cpp
  vectorRoutine.cpp
E:\virtualbox\vmshare\liunux\liunuxos_c\kernel\vectorRoutine.cpp(915): warning C4101: “szout”: 未引用的局部变量
  video.cpp
E:\virtualbox\vmshare\liunux\liunuxos_c\kernel\video.cpp(1179): warning C4244: “初始化”: 从“int”转换到“float”，可能丢失数据
E:\virtualbox\vmshare\liunux\liunuxos_c\kernel\video.cpp(1182): warning C4244: “=”: 从“int”转换到“float”，可能丢失数据
E:\virtualbox\vmshare\liunux\liunuxos_c\kernel\video.cpp(1185): warning C4244: “初始化”: 从“int”转换到“float”，可能丢失数据
E:\virtualbox\vmshare\liunux\liunuxos_c\kernel\video.cpp(1186): warning C4244: “初始化”: 从“int”转换到“float”，可能丢失数据
E:\virtualbox\vmshare\liunux\liunuxos_c\kernel\video.cpp(1212): warning C4244: “参数”: 从“double”转换到“float”，可能丢失数据
E:\virtualbox\vmshare\liunux\liunuxos_c\kernel\video.cpp(1213): warning C4244: “参数”: 从“double”转换到“float”，可能丢失数据
E:\virtualbox\vmshare\liunux\liunuxos_c\kernel\video.cpp(1218): warning C4244: “参数”: 从“double”转换到“int”，可能丢失数据
E:\virtualbox\vmshare\liunux\liunuxos_c\kernel\video.cpp(1218): warning C4244: “参数”: 从“double”转换到“int”，可能丢失数据
E:\virtualbox\vmshare\liunux\liunuxos_c\kernel\video.cpp(1218): warning C4244: “参数”: 从“double”转换到“int”，可能丢失数据
E:\virtualbox\vmshare\liunux\liunuxos_c\kernel\video.cpp(1218): warning C4244: “参数”: 从“double”转换到“int”，可能丢失数据
E:\virtualbox\vmshare\liunux\liunuxos_c\kernel\video.cpp(1234): warning C4244: “参数”: 从“double”转换到“float”，可能丢失数据
E:\virtualbox\vmshare\liunux\liunuxos_c\kernel\video.cpp(1235): warning C4244: “参数”: 从“double”转换到“float”，可能丢失数据
E:\virtualbox\vmshare\liunux\liunuxos_c\kernel\video.cpp(1245): warning C4244: “参数”: 从“double”转换到“int”，可能丢失数据
E:\virtualbox\vmshare\liunux\liunuxos_c\kernel\video.cpp(1245): warning C4244: “参数”: 从“double”转换到“int”，可能丢失数据
E:\virtualbox\vmshare\liunux\liunuxos_c\kernel\video.cpp(1245): warning C4244: “参数”: 从“double”转换到“int”，可能丢失数据
E:\virtualbox\vmshare\liunux\liunuxos_c\kernel\video.cpp(1245): warning C4244: “参数”: 从“double”转换到“int”，可能丢失数据
E:\virtualbox\vmshare\liunux\liunuxos_c\kernel\video.cpp(1248): warning C4244: “参数”: 从“double”转换到“int”，可能丢失数据
E:\virtualbox\vmshare\liunux\liunuxos_c\kernel\video.cpp(1248): warning C4244: “参数”: 从“double”转换到“int”，可能丢失数据
E:\virtualbox\vmshare\liunux\liunuxos_c\kernel\video.cpp(1248): warning C4244: “参数”: 从“double”转换到“int”，可能丢失数据
E:\virtualbox\vmshare\liunux\liunuxos_c\kernel\video.cpp(1248): warning C4244: “参数”: 从“double”转换到“int”，可能丢失数据
  window.cpp
  正在生成代码...
E:\virtualbox\vmshare\liunux\liunuxos_c\kernel\window.cpp(314): warning C4700: 使用了未初始化的局部变量“b”
E:\virtualbox\vmshare\liunux\liunuxos_c\kernel\window.cpp(316): warning C4700: 使用了未初始化的局部变量“r”
    正在创建库 E:\virtualbox\vmshare\liunux\liunuxos_c\Release\kernel.lib 和对象 E:\virtualbox\vmshare\liunux\liunuxos_c\Release\kernel.exp
  kernel.vcxproj -> E:\virtualbox\vmshare\liunux\liunuxos_c\Release\kernel.dll
